# Logfile created on 2017-03-29 13:14:24 +0300 by logger.rb/47272
ScanManager#keep_schedule
Migrating to DeviseCreateUsers (20120810022402)
Migrating to RolifyCreateRoles (20120810022409)
Migrating to CreateProfiles (20120812171354)
Migrating to CreateScans (20121213171058)
Migrating to CreateScansUsersJoinTable (20121216173832)
Migrating to CreateIssues (20121217185533)
Migrating to CreateComments (20121217231921)
Migrating to CreateDispatchers (20121219224226)
Migrating to CreateNotifications (20130114002808)
Migrating to CreateReports (20130121042140)
Migrating to CreateProfilesUsersJoinTable (20130213214155)
Migrating to CreateSettings (20130214214926)
Migrating to CreateScanGroups (20130215214848)
Migrating to CreateScanGroupsScansJoinTable (20130215215201)
Migrating to CreateUsersScanGroupsJoinTable (20130215230059)
Migrating to CreateDispatchersUsersJoinTable (20130302162250)
Migrating to AddFingerprintingToProfiles (20130608213932)
Migrating to AddIdentifierToNotifications (20130609175134)
Migrating to GenerateNotificationIdentifiers (20130609175254)
Migrating to AddWelcomedToSettings (20130704221626)
Migrating to AddHttpAuthToProfiles (20130719152335)
Migrating to CreateSchedules (20130927200257)
Migrating to AddStartedAtToScans (20130928201330)
Migrating to AddScheduleIdToScans (20131003154327)
Migrating to AddLoadBalanceToScans (20131010013423)
Migrating to AddTimezoneToSettings (20131010190108)
Migrating to AddAutoRefreshToSettings (20131012203032)
Migrating to AddHttpQueueSizeToProfiles (20131109011550)
Migrating to RenameSettingsModulesToChecks (20140628184455)
Migrating to UpdateProfileForFrameworkv10 (20140628211607)
Migrating to UpdateIssuesForFrameworkv10 (20140629003131)
Scoped order and limit are ignored, it's forced to be batch order and batch size
Migrating to AddSuspendInfoToScans (20140705233412)
Migrating to AddStopAfterToSchedule (20140706182925)
Migrating to AddHttpResponseMaxSizeToProfiles (20140916190718)
Migrating to AddAuditJsonsToProfiles (20150422221254)
Migrating to AddAuditXmlsToProfiles (20150422221306)
Migrating to AddAuditUiInputsToProfiles (20150826121727)
Migrating to AddScopeExcludeFileExtensionsToProfiles (20160214104259)
Migrating to AddHttpAuthenticationTypeToProfiles (20160303170652)
